0 info it worked if it ends with ok
1 verbose cli [ 'node', '/usr/local/bin/npm', 'update', '-g', 'bower' ]
2 info using npm@2.5.1
3 info using node@v0.12.0
4 silly mapToRegistry name bower
5 silly mapToRegistry using default registry
6 silly mapToRegistry registry https://registry.npmjs.org/
7 silly mapToRegistry uri https://registry.npmjs.org/bower
8 verbose request uri https://registry.npmjs.org/bower
9 verbose request no auth needed
10 info attempt registry request try #1 at 7:35:39 PM
11 verbose request id 2fce4b6576e74118
12 verbose etag "BM4XOUYLXN0EGW9Q6SWUA1ZLW"
13 http request GET https://registry.npmjs.org/bower
14 http 200 https://registry.npmjs.org/bower
15 silly get cb [ 200,
15 silly get   { server: 'CouchDB/1.5.0 (Erlang OTP/R16B03)',
15 silly get     etag: '"8SA6VQ2Q3WTT7GNC7RH4VDDCG"',
15 silly get     'content-type': 'application/json',
15 silly get     'cache-control': 'max-age=60',
15 silly get     'content-length': '113123',
15 silly get     'accept-ranges': 'bytes',
15 silly get     date: 'Sun, 16 Aug 2015 23:35:40 GMT',
15 silly get     via: '1.1 varnish',
15 silly get     age: '0',
15 silly get     connection: 'keep-alive',
15 silly get     'x-served-by': 'cache-jfk1027-JFK',
15 silly get     'x-cache': 'HIT',
15 silly get     'x-cache-hits': '1',
15 silly get     'x-timer': 'S1439768140.000908,VS0,VE83',
15 silly get     vary: 'Accept' } ]
16 verbose get saving bower to /Users/luemployee/.npm/registry.npmjs.org/bower/.cache.json
17 silly mapToRegistry name bower
18 silly mapToRegistry using default registry
19 silly mapToRegistry registry https://registry.npmjs.org/
20 silly mapToRegistry uri https://registry.npmjs.org/bower
21 verbose request uri https://registry.npmjs.org/bower
22 verbose request no auth needed
23 info attempt registry request try #1 at 7:36:38 PM
24 verbose etag "8SA6VQ2Q3WTT7GNC7RH4VDDCG"
25 http request GET https://registry.npmjs.org/bower
26 http 304 https://registry.npmjs.org/bower
27 silly get cb [ 304,
27 silly get   { date: 'Sun, 16 Aug 2015 23:36:39 GMT',
27 silly get     via: '1.1 varnish',
27 silly get     'cache-control': 'max-age=60',
27 silly get     etag: '"8SA6VQ2Q3WTT7GNC7RH4VDDCG"',
27 silly get     age: '59',
27 silly get     connection: 'keep-alive',
27 silly get     'x-served-by': 'cache-jfk1026-JFK',
27 silly get     'x-cache': 'HIT',
27 silly get     'x-cache-hits': '1',
27 silly get     'x-timer': 'S1439768199.166364,VS0,VE1',
27 silly get     vary: 'Accept' } ]
28 verbose etag https://registry.npmjs.org/bower from cache
29 verbose get saving bower to /Users/luemployee/.npm/registry.npmjs.org/bower/.cache.json
30 info outdated updating [ [ '/usr/local/lib', 'bower', '1.3.12', '1.4.1', '1.4.1', 'latest' ] ]
31 verbose install where, what [ '/usr/local/lib', [ 'bower@1.4.1' ] ]
32 silly cache add args [ 'bower@1.4.1', null ]
33 verbose cache add spec bower@1.4.1
34 silly cache add parsed spec { raw: 'bower@1.4.1',
34 silly cache add   scope: null,
34 silly cache add   name: 'bower',
34 silly cache add   rawSpec: '1.4.1',
34 silly cache add   spec: '1.4.1',
34 silly cache add   type: 'version' }
35 verbose addNamed bower@1.4.1
36 silly addNamed semver.valid 1.4.1
37 silly addNamed semver.validRange 1.4.1
38 silly mapToRegistry name bower
39 silly mapToRegistry using default registry
40 silly mapToRegistry registry https://registry.npmjs.org/
41 silly mapToRegistry uri https://registry.npmjs.org/bower
42 verbose addNameVersion registry:https://registry.npmjs.org/bower not in flight; fetching
43 verbose request uri https://registry.npmjs.org/bower
44 verbose request no auth needed
45 info attempt registry request try #1 at 7:37:37 PM
46 verbose etag "8SA6VQ2Q3WTT7GNC7RH4VDDCG"
47 http request GET https://registry.npmjs.org/bower
48 http 304 https://registry.npmjs.org/bower
49 silly get cb [ 304,
49 silly get   { date: 'Sun, 16 Aug 2015 23:37:37 GMT',
49 silly get     via: '1.1 varnish',
49 silly get     'cache-control': 'max-age=60',
49 silly get     etag: '"8SA6VQ2Q3WTT7GNC7RH4VDDCG"',
49 silly get     age: '56',
49 silly get     connection: 'keep-alive',
49 silly get     'x-served-by': 'cache-jfk1035-JFK',
49 silly get     'x-cache': 'HIT',
49 silly get     'x-cache-hits': '1',
49 silly get     'x-timer': 'S1439768257.013711,VS0,VE0',
49 silly get     vary: 'Accept' } ]
50 verbose etag https://registry.npmjs.org/bower from cache
51 verbose get saving bower to /Users/luemployee/.npm/registry.npmjs.org/bower/.cache.json
52 silly mapToRegistry name bower
53 silly mapToRegistry using default registry
54 silly mapToRegistry registry https://registry.npmjs.org/
55 silly mapToRegistry uri https://registry.npmjs.org/bower
56 verbose addRemoteTarball https://registry.npmjs.org/bower/-/bower-1.4.1.tgz not in flight; adding
57 verbose addRemoteTarball [ 'https://registry.npmjs.org/bower/-/bower-1.4.1.tgz',
57 verbose addRemoteTarball   'a18be39d030792754f30f1c5b32d37b0156ba8dd' ]
58 info retry fetch attempt 1 at 7:37:37 PM
59 info attempt registry request try #1 at 7:37:37 PM
60 http fetch GET https://registry.npmjs.org/bower/-/bower-1.4.1.tgz
61 http fetch 200 https://registry.npmjs.org/bower/-/bower-1.4.1.tgz
62 silly fetchAndShaCheck shasum a18be39d030792754f30f1c5b32d37b0156ba8dd
63 verbose addTmpTarball /var/folders/qs/yt09ssd57dg49p6xls954ggm0000gn/T/npm-74675-7ee7ea3c/registry.npmjs.org/bower/-/bower-1.4.1.tgz not in flight; adding
64 verbose addTmpTarball already have metadata; skipping unpack for bower@1.4.1
65 silly cache afterAdd bower@1.4.1
66 verbose afterAdd /Users/luemployee/.npm/bower/1.4.1/package/package.json not in flight; writing
67 verbose afterAdd /Users/luemployee/.npm/bower/1.4.1/package/package.json written
68 silly install resolved [ { name: 'bower',
68 silly install resolved     version: '1.4.1',
68 silly install resolved     description: 'The browser package manager',
68 silly install resolved     author: { name: 'Twitter' },
68 silly install resolved     licenses: [ [Object] ],
68 silly install resolved     repository: { type: 'git', url: 'https://github.com/bower/bower' },
68 silly install resolved     main: 'lib',
68 silly install resolved     homepage: 'http://bower.io',
68 silly install resolved     engines: { node: '>=0.10.0' },
68 silly install resolved     dependencies:
68 silly install resolved      { abbrev: '^1.0.5',
68 silly install resolved        archy: '1.0.0',
68 silly install resolved        'bower-config': '^0.6.1',
68 silly install resolved        'bower-endpoint-parser': '^0.2.2',
68 silly install resolved        'bower-json': '^0.4.0',
68 silly install resolved        'bower-logger': '^0.2.2',
68 silly install resolved        'bower-registry-client': '^0.3.0',
68 silly install resolved        cardinal: '0.4.4',
68 silly install resolved        chalk: '^1.0.0',
68 silly install resolved        chmodr: '0.1.0',
68 silly install resolved        configstore: '^0.3.2',
68 silly install resolved        'decompress-zip': '^0.1.0',
68 silly install resolved        fstream: '^1.0.3',
68 silly install resolved        'fstream-ignore': '^1.0.2',
68 silly install resolved        github: '^0.2.3',
68 silly install resolved        glob: '^4.3.2',
68 silly install resolved        'graceful-fs': '^3.0.5',
68 silly install resolved        handlebars: '^2.0.0',
68 silly install resolved        inquirer: '0.8.0',
68 silly install resolved        insight: '^0.5.0',
68 silly install resolved        'is-root': '^1.0.0',
68 silly install resolved        junk: '^1.0.0',
68 silly install resolved        lockfile: '^1.0.0',
68 silly install resolved        'lru-cache': '^2.5.0',
68 silly install resolved        mkdirp: '0.5.0',
68 silly install resolved        mout: '^0.11.0',
68 silly install resolved        nopt: '^3.0.1',
68 silly install resolved        opn: '^1.0.1',
68 silly install resolved        'p-throttler': '0.1.1',
68 silly install resolved        promptly: '0.2.0',
68 silly install resolved        q: '^1.1.2',
68 silly install resolved        request: '2.53.0',
68 silly install resolved        'request-progress': '0.3.1',
68 silly install resolved        retry: '0.6.1',
68 silly install resolved        rimraf: '^2.2.8',
68 silly install resolved        semver: '^2.3.0',
68 silly install resolved        'shell-quote': '^1.4.2',
68 silly install resolved        'stringify-object': '^1.0.0',
68 silly install resolved        'tar-fs': '^1.4.1',
68 silly install resolved        tmp: '0.0.24',
68 silly install resolved        'update-notifier': '^0.3.0',
68 silly install resolved        'user-home': '^1.1.0',
68 silly install resolved        which: '^1.0.8' },
68 silly install resolved     devDependencies:
68 silly install resolved      { chai: '^1.10.0',
68 silly install resolved        coveralls: '^2.11.2',
68 silly install resolved        'expect.js': '^0.3.1',
68 silly install resolved        grunt: '^0.4.5',
68 silly install resolved        'grunt-cli': '^0.1.13',
68 silly install resolved        'grunt-contrib-jshint': '^0.10.0',
68 silly install resolved        'grunt-contrib-watch': '^0.6.1',
68 silly install resolved        'grunt-exec': '^0.4.6',
68 silly install resolved        'grunt-simple-mocha': '^0.4.0',
68 silly install resolved        istanbul: '^0.3.5',
68 silly install resolved        'load-grunt-tasks': '^2.0.0',
68 silly install resolved        mocha: '^2.1.0',
68 silly install resolved        multiline: '^1.0.2',
68 silly install resolved        nock: '^0.56.0',
68 silly install resolved        'node-uuid': '^1.4.2',
68 silly install resolved        proxyquire: '^1.3.0',
68 silly install resolved        'spawn-sync': '^1.0.5' },
68 silly install resolved     scripts: { test: 'grunt test' },
68 silly install resolved     bin: { bower: 'bin/bower' },
68 silly install resolved     preferGlobal: true,
68 silly install resolved     gitHead: 'a1287416d40f944d58cb8f2e774e2076bfffd32f',
68 silly install resolved     bugs: { url: 'https://github.com/bower/bower/issues' },
68 silly install resolved     _id: 'bower@1.4.1',
68 silly install resolved     _shasum: 'a18be39d030792754f30f1c5b32d37b0156ba8dd',
68 silly install resolved     _from: 'bower@1.4.1',
68 silly install resolved     _npmVersion: '2.7.4',
68 silly install resolved     _nodeVersion: '0.12.0',
68 silly install resolved     _npmUser: { name: 'sheerun', email: 'sheerun@sher.pl' },
68 silly install resolved     maintainers: [ [Object], [Object], [Object], [Object], [Object], [Object] ],
68 silly install resolved     dist:
68 silly install resolved      { shasum: 'a18be39d030792754f30f1c5b32d37b0156ba8dd',
68 silly install resolved        tarball: 'http://registry.npmjs.org/bower/-/bower-1.4.1.tgz' },
68 silly install resolved     directories: {},
68 silly install resolved     _resolved: 'https://registry.npmjs.org/bower/-/bower-1.4.1.tgz' } ]
69 info install bower@1.4.1 into /usr/local/lib
70 info installOne bower@1.4.1
71 verbose installOne of bower to /usr/local/lib not in flight; installing
72 warn locking Error: EACCES, open '/Users/luemployee/.npm/_locks/bower-e8debc5417026b57.lock'
72 warn locking     at Error (native)
72 warn locking  /Users/luemployee/.npm/_locks/bower-e8debc5417026b57.lock failed { [Error: EACCES, open '/Users/luemployee/.npm/_locks/bower-e8debc5417026b57.lock']
72 warn locking   errno: -13,
72 warn locking   code: 'EACCES',
72 warn locking   path: '/Users/luemployee/.npm/_locks/bower-e8debc5417026b57.lock' }
73 verbose stack Error: Attempt to unlock /usr/local/lib/node_modules/bower, which hasn't been locked
73 verbose stack     at unlock (/usr/local/lib/node_modules/npm/lib/utils/locker.js:66:11)
73 verbose stack     at cb (/usr/local/lib/node_modules/npm/lib/install.js:929:5)
73 verbose stack     at /usr/local/lib/node_modules/npm/lib/install.js:933:20
73 verbose stack     at /usr/local/lib/node_modules/npm/lib/utils/locker.js:40:9
73 verbose stack     at cb (/usr/local/lib/node_modules/npm/node_modules/lockfile/lockfile.js:149:38)
73 verbose stack     at /usr/local/lib/node_modules/npm/node_modules/lockfile/lockfile.js:177:38
73 verbose stack     at FSReqWrap.oncomplete (fs.js:99:15)
74 verbose cwd /Users/luemployee/Desktop/Wod-smart-app/libs
75 error Darwin 14.3.0
76 error argv "node" "/usr/local/bin/npm" "update" "-g" "bower"
77 error node v0.12.0
78 error npm  v2.5.1
79 error Attempt to unlock /usr/local/lib/node_modules/bower, which hasn't been locked
80 error If you need help, you may report this error at:
80 error     <http://github.com/npm/npm/issues>
81 verbose exit [ 1, true ]
